<?xml version="1.0" encoding="UTF-8"?>
<testng-results ignored="0" total="1" passed="1" failed="0" skipped="0">
  <reporter-output>
  </reporter-output>
  <suite started-at="2024-12-28T11:56:59 IST" name="Default suite" finished-at="2024-12-28T11:57:28 IST" duration-ms="28806">
    <groups>
    </groups>
    <test started-at="2024-12-28T11:56:59 IST" name="Default test" finished-at="2024-12-28T11:57:28 IST" duration-ms="28806">
      <class name="ecommerce.LoginTest">
        <test-method is-config="true" signature="setup()[pri:0, instance:ecommerce.LoginTest@8c3b9d]" started-at="2024-12-28T11:56:59 IST" name="setup" finished-at="2024-12-28T11:57:04 IST" duration-ms="4642" status="PASS">
          <reporter-output>
          </reporter-output>
        </test-method> <!-- setup -->
        <test-method signature="ecommerce()[pri:0, instance:ecommerce.LoginTest@8c3b9d]" started-at="2024-12-28T11:57:04 IST" name="ecommerce" finished-at="2024-12-28T11:57:28 IST" duration-ms="24074" status="PASS">
          <reporter-output>
          </reporter-output>
        </test-method> <!-- ecommerce -->
        <test-method is-config="true" signature="captureScreenshotOnFailure(org.testng.ITestResult)[pri:0, instance:ecommerce.LoginTest@8c3b9d]" started-at="2024-12-28T11:57:28 IST" name="captureScreenshotOnFailure" finished-at="2024-12-28T11:57:28 IST" duration-ms="14" status="PASS">
          <params>
            <param index="0">
              <value>
                <![CDATA[[TestResult name=ecommerce status=SUCCESS method=LoginTest.ecommerce()[pri:0, instance:ecommerce.LoginTest@8c3b9d] output={null}]]]>
              </value>
            </param>
          </params>
          <reporter-output>
          </reporter-output>
        </test-method> <!-- captureScreenshotOnFailure -->
        <test-method is-config="true" signature="tearDown()[pri:0, instance:ecommerce.LoginTest@8c3b9d]" started-at="2024-12-28T11:57:28 IST" name="tearDown" finished-at="2024-12-28T11:57:28 IST" duration-ms="22" status="PASS">
          <reporter-output>
          </reporter-output>
        </test-method> <!-- tearDown -->
      </class> <!-- ecommerce.LoginTest -->
    </test> <!-- Default test -->
  </suite> <!-- Default suite -->
</testng-results>
